<?xml version="1.0" encoding="UTF-8"?>
<testng-results skipped="0" failed="0" ignored="0" total="1" passed="1">
  <reporter-output>
  </reporter-output>
  <suite name="katty test" duration-ms="7912" started-at="2022-06-14T12:32:32 IDT" finished-at="2022-06-14T12:32:40 IDT">
    <groups>
    </groups>
    <test name="chrome" duration-ms="7912" started-at="2022-06-14T12:32:32 IDT" finished-at="2022-06-14T12:32:40 IDT">
      <class name="LoginTest">
        <test-method status="PASS" signature="setUp(java.lang.String, java.lang.String)[pri:0, instance:LoginTest@2038ae61]" name="setUp" is-config="true" duration-ms="4402" started-at="2022-06-14T12:32:32 IDT" finished-at="2022-06-14T12:32:37 IDT">
          <params>
            <param index="0">
              <value>
                <![CDATA[chrome]]>
              </value>
            </param>
            <param index="1">
              <value>
                <![CDATA[https://portal-qa1.maytronics.co/#/sys/pools/list]]>
              </value>
            </param>
          </params>
          <reporter-output>
          </reporter-output>
        </test-method> <!-- setUp -->
        <test-method status="PASS" signature="login_test()[pri:0, instance:LoginTest@2038ae61]" name="login_test" duration-ms="2604" started-at="2022-06-14T12:32:37 IDT" description="Ð¿Ñ€Ð¾Ñ�Ñ‚Ð¾ Ñ‚Ð°Ðº" finished-at="2022-06-14T12:32:40 IDT">
          <reporter-output>
          </reporter-output>
        </test-method> <!-- login_test -->
        <test-method status="PASS" signature="tearDown()[pri:0, instance:LoginTest@2038ae61]" name="tearDown" is-config="true" duration-ms="864" started-at="2022-06-14T12:32:40 IDT" finished-at="2022-06-14T12:32:40 IDT">
          <reporter-output>
          </reporter-output>
        </test-method> <!-- tearDown -->
      </class> <!-- LoginTest -->
    </test> <!-- chrome -->
  </suite> <!-- katty test -->
</testng-results>
